<?xml version="1.0" encoding="UTF-8"?>
<!-- Generated by org.testng.reporters.JUnitReportReporter -->
<testsuite hostname="dushant-PC" failures="0" tests="4" name="djmvnprojects.AppiumTest" time="0.006" errors="0" timestamp="2020-04-28T11:11:21 IST" skipped="0">
  <testcase classname="djmvnprojects.AppiumTest" name="Appium4" time="0.001"/>
  <system-out/>
  <testcase classname="djmvnprojects.AppiumTest" name="Appium1" time="0.002"/>
  <system-out/>
  <testcase classname="djmvnprojects.AppiumTest" name="Appium2" time="0.002"/>
  <system-out/>
  <testcase classname="djmvnprojects.AppiumTest" name="Appium3" time="0.001"/>
  <system-out/>
</testsuite> <!-- djmvnprojects.AppiumTest -->
