<?xml version="1.0" encoding="UTF-8"?>
<!-- Generated by org.testng.reporters.JUnitReportReporter -->
<testsuite hostname="dushant-PC" failures="0" tests="4" name="djmvnprojects.RestAPITest" time="0.007" errors="0" timestamp="2020-04-28T11:11:21 IST" skipped="0">
  <testcase classname="djmvnprojects.RestAPITest" name="RestAPI1" time="0.002"/>
  <system-out/>
  <testcase classname="djmvnprojects.RestAPITest" name="RestAPI3" time="0.002"/>
  <system-out/>
  <testcase classname="djmvnprojects.RestAPITest" name="RestAPI2" time="0.001"/>
  <system-out/>
  <testcase classname="djmvnprojects.RestAPITest" name="RestAPI4" time="0.002"/>
  <system-out/>
</testsuite> <!-- djmvnprojects.RestAPITest -->
