<?xml version="1.0" encoding="UTF-8"?>
<!-- Generated by org.testng.reporters.JUnitReportReporter -->
<testsuite hostname="dushant-PC" failures="0" tests="1" name="djmvnprojects.Additional" time="0.053" errors="0" timestamp="2020-04-28T11:11:21 IST" skipped="0">
  <testcase classname="djmvnprojects.Additional" name="Additional1" time="0.053"/>
  <system-out/>
</testsuite> <!-- djmvnprojects.Additional -->
