<?xml version="1.0" encoding="UTF-8"?>
<!-- Generated by org.testng.reporters.JUnitReportReporter -->
<testsuite hostname="dushant-PC" failures="0" tests="4" name="djmvnprojects.SeleniumTest" time="0.008" errors="0" timestamp="2020-04-28T11:11:21 IST" skipped="0">
  <testcase classname="djmvnprojects.SeleniumTest" name="Selmethod4" time="0.001"/>
  <system-out/>
  <testcase classname="djmvnprojects.SeleniumTest" name="Selmethod2" time="0.002"/>
  <system-out/>
  <testcase classname="djmvnprojects.SeleniumTest" name="Selmethod1" time="0.003"/>
  <system-out/>
  <testcase classname="djmvnprojects.SeleniumTest" name="Selmethod3" time="0.002"/>
  <system-out/>
</testsuite> <!-- djmvnprojects.SeleniumTest -->
