<?xml version="1.0" encoding="UTF-8"?>
<!-- Generated by org.testng.reporters.JUnitReportReporter -->
<testsuite skipped="0" hostname="dushant-PC" name="djmvnprojects.AppiumTest" tests="4" failures="0" timestamp="2020-04-28T11:18:41 IST" time="0.003" errors="0">
  <testcase name="Appium4" time="0.001" classname="djmvnprojects.AppiumTest"/>
  <system-out/>
  <testcase name="Appium2" time="0.000" classname="djmvnprojects.AppiumTest"/>
  <system-out/>
  <testcase name="Appium1" time="0.001" classname="djmvnprojects.AppiumTest"/>
  <system-out/>
  <testcase name="Appium3" time="0.001" classname="djmvnprojects.AppiumTest"/>
  <system-out/>
</testsuite> <!-- djmvnprojects.AppiumTest -->
