<?xml version="1.0" encoding="UTF-8"?>
<!-- Generated by org.testng.reporters.JUnitReportReporter -->
<testsuite skipped="0" hostname="dushant-PC" name="djmvnprojects.RestAPITest" tests="4" failures="0" timestamp="2020-04-28T11:18:41 IST" time="0.001" errors="0">
  <testcase name="RestAPI3" time="0.000" classname="djmvnprojects.RestAPITest"/>
  <system-out/>
  <testcase name="RestAPI1" time="0.001" classname="djmvnprojects.RestAPITest"/>
  <system-out/>
  <testcase name="RestAPI2" time="0.000" classname="djmvnprojects.RestAPITest"/>
  <system-out/>
  <testcase name="RestAPI4" time="0.000" classname="djmvnprojects.RestAPITest"/>
  <system-out/>
</testsuite> <!-- djmvnprojects.RestAPITest -->
