<?xml version="1.0" encoding="UTF-8"?>
<!-- Generated by org.testng.reporters.JUnitReportReporter -->
<testsuite skipped="0" hostname="dushant-PC" name="djmvnprojects.AdditionalTest" tests="1" failures="0" timestamp="2020-04-28T11:18:41 IST" time="0.030" errors="0">
  <testcase name="Additional1" time="0.030" classname="djmvnprojects.AdditionalTest"/>
  <system-out/>
</testsuite> <!-- djmvnprojects.AdditionalTest -->
